# JRE version: OpenJDK Runtime Environment (17.0.6) (build 17.0.6+0-b2043.56-9586694)
# Java VM: OpenJDK 64-Bit Server VM (17.0.6+0-b2043.56-9586694, mixed mode, tiered, compressed oops, compressed class ptrs, g1 gc, windows-amd64)
GC Precious Log:
 CPUs: 8 total, 8 available
 Memory: 6086M
 Large Page Support: Disabled
 NUMA Support: Disabled
 Compressed Oops: Enabled (32-bit)
 Heap Region Size: 1M
 Heap Min Capacity: 8M
 Heap Initial Capacity: 96M
 Heap Max Capacity: 1536M
 Pre-touch: Disabled
 Parallel Workers: 8
 Concurrent Workers: 2
 Concurrent Refinement Workers: 8
 Periodic GC: Disabled
Heap:
 garbage-first heap   total 161792K, used 118902K [0x00000000a0000000, 0x0000000100000000)
  region size 1024K, 43 young (44032K), 4 survivors (4096K)
 Metaspace       used 88960K, committed 89664K, reserved 1130496K
  class space    used 12207K, committed 12480K, reserved 1048576K
GC Heap History (20 events):
Event: 14.789 GC heap before
{Heap before GC invocations=32 (full 0):
 garbage-first heap   total 111616K, used 76359K [0x00000000a0000000, 0x0000000100000000)
  region size 1024K, 23 young (23552K), 2 survivors (2048K)
 Metaspace       used 65435K, committed 65984K, reserved 1105920K
  class space    used 8556K, committed 8832K, reserved 1048576K
}
Event: 14.793 GC heap after
{Heap after GC invocations=33 (full 0):
 garbage-first heap   total 134144K, used 58406K [0x00000000a0000000, 0x0000000100000000)
  region size 1024K, 4 young (4096K), 4 survivors (4096K)
 Metaspace       used 65435K, committed 65984K, reserved 1105920K
  class space    used 8556K, committed 8832K, reserved 1048576K
}
Event: 15.626 GC heap before
{Heap before GC invocations=33 (full 0):
 garbage-first heap   total 134144K, used 97318K [0x00000000a0000000, 0x0000000100000000)
  region size 1024K, 41 young (41984K), 4 survivors (4096K)
 Metaspace       used 68784K, committed 69248K, reserved 1114112K
  class space    used 8982K, committed 9216K, reserved 1048576K
}
Event: 15.632 GC heap after
{Heap after GC invocations=34 (full 0):
 garbage-first heap   total 134144K, used 60204K [0x00000000a0000000, 0x0000000100000000)
  region size 1024K, 4 young (4096K), 4 survivors (4096K)
 Metaspace       used 68784K, committed 69248K, reserved 1114112K
  class space    used 8982K, committed 9216K, reserved 1048576K
}
Event: 15.953 GC heap before
{Heap before GC invocations=34 (full 0):
 garbage-first heap   total 134144K, used 99116K [0x00000000a0000000, 0x0000000100000000)
  region size 1024K, 42 young (43008K), 4 survivors (4096K)
 Metaspace       used 69281K, committed 69760K, reserved 1114112K
  class space    used 9064K, committed 9280K, reserved 1048576K
}
Event: 15.959 GC heap after
{Heap after GC invocations=35 (full 0):
 garbage-first heap   total 134144K, used 63822K [0x00000000a0000000, 0x0000000100000000)
  region size 1024K, 6 young (6144K), 6 survivors (6144K)
 Metaspace       used 69281K, committed 69760K, reserved 1114112K
  class space    used 9064K, committed 9280K, reserved 1048576K
}
Event: 16.387 GC heap before
{Heap before GC invocations=35 (full 0):
 garbage-first heap   total 134144K, used 101710K [0x00000000a0000000, 0x0000000100000000)
  region size 1024K, 43 young (44032K), 6 survivors (6144K)
 Metaspace       used 70442K, committed 71040K, reserved 1114112K
  class space    used 9294K, committed 9600K, reserved 1048576K
}
Event: 16.394 GC heap after
{Heap after GC invocations=36 (full 0):
 garbage-first heap   total 134144K, used 65403K [0x00000000a0000000, 0x0000000100000000)
  region size 1024K, 2 young (2048K), 2 survivors (2048K)
 Metaspace       used 70442K, committed 71040K, reserved 1114112K
  class space    used 9294K, committed 9600K, reserved 1048576K
}
Event: 16.748 GC heap before
{Heap before GC invocations=36 (full 0):
 garbage-first heap   total 134144K, used 104315K [0x00000000a0000000, 0x0000000100000000)
  region size 1024K, 40 young (40960K), 2 survivors (2048K)
 Metaspace       used 71519K, committed 72192K, reserved 1114112K
  class space    used 9425K, committed 9728K, reserved 1048576K
}
Event: 16.756 GC heap after
{Heap after GC invocations=37 (full 0):
 garbage-first heap   total 134144K, used 68223K [0x00000000a0000000, 0x0000000100000000)
  region size 1024K, 5 young (5120K), 5 survivors (5120K)
 Metaspace       used 71519K, committed 72192K, reserved 1114112K
  class space    used 9425K, committed 9728K, reserved 1048576K
}
Event: 17.421 GC heap before
{Heap before GC invocations=38 (full 0):
 garbage-first heap   total 134144K, used 104063K [0x00000000a0000000, 0x0000000100000000)
  region size 1024K, 41 young (41984K), 5 survivors (5120K)
 Metaspace       used 75368K, committed 75968K, reserved 1122304K
  class space    used 10157K, committed 10432K, reserved 1048576K
}
Event: 17.428 GC heap after
{Heap after GC invocations=39 (full 0):
 garbage-first heap   total 134144K, used 69558K [0x00000000a0000000, 0x0000000100000000)
  region size 1024K, 3 young (3072K), 3 survivors (3072K)
 Metaspace       used 75368K, committed 75968K, reserved 1122304K
  class space    used 10157K, committed 10432K, reserved 1048576K
}
Event: 17.938 GC heap before
{Heap before GC invocations=39 (full 0):
 garbage-first heap   total 134144K, used 107446K [0x00000000a0000000, 0x0000000100000000)
  region size 1024K, 40 young (40960K), 3 survivors (3072K)
 Metaspace       used 77841K, committed 78464K, reserved 1122304K
  class space    used 10520K, committed 10816K, reserved 1048576K
}
Event: 17.945 GC heap after
{Heap after GC invocations=40 (full 0):
 garbage-first heap   total 134144K, used 72927K [0x00000000a0000000, 0x0000000100000000)
  region size 1024K, 5 young (5120K), 5 survivors (5120K)
 Metaspace       used 77841K, committed 78464K, reserved 1122304K
  class space    used 10520K, committed 10816K, reserved 1048576K
}
Event: 18.453 GC heap before
{Heap before GC invocations=41 (full 0):
 garbage-first heap   total 134144K, used 107743K [0x00000000a0000000, 0x0000000100000000)
  region size 1024K, 39 young (39936K), 5 survivors (5120K)
 Metaspace       used 80109K, committed 80768K, reserved 1122304K
  class space    used 10897K, committed 11200K, reserved 1048576K
}
Event: 18.463 GC heap after
{Heap after GC invocations=42 (full 0):
 garbage-first heap   total 134144K, used 76633K [0x00000000a0000000, 0x0000000100000000)
  region size 1024K, 4 young (4096K), 4 survivors (4096K)
 Metaspace       used 80109K, committed 80768K, reserved 1122304K
  class space    used 10897K, committed 11200K, reserved 1048576K
}
Event: 18.524 GC heap before
{Heap before GC invocations=42 (full 0):
 garbage-first heap   total 134144K, used 78681K [0x00000000a0000000, 0x0000000100000000)
  region size 1024K, 6 young (6144K), 4 survivors (4096K)
 Metaspace       used 80375K, committed 81088K, reserved 1122304K
  class space    used 10935K, committed 11264K, reserved 1048576K
}
Event: 18.532 GC heap after
{Heap after GC invocations=43 (full 0):
 garbage-first heap   total 161792K, used 76861K [0x00000000a0000000, 0x0000000100000000)
  region size 1024K, 1 young (1024K), 1 survivors (1024K)
 Metaspace       used 80375K, committed 81088K, reserved 1122304K
  class space    used 10935K, committed 11264K, reserved 1048576K
}
Event: 19.926 GC heap before
{Heap before GC invocations=43 (full 0):
 garbage-first heap   total 161792K, used 129085K [0x00000000a0000000, 0x0000000100000000)
  region size 1024K, 52 young (53248K), 1 survivors (1024K)
 Metaspace       used 86589K, committed 87296K, reserved 1130496K
  class space    used 11837K, committed 12160K, reserved 1048576K
}
Event: 19.934 GC heap after
{Heap after GC invocations=44 (full 0):
 garbage-first heap   total 161792K, used 79990K [0x00000000a0000000, 0x0000000100000000)
  region size 1024K, 4 young (4096K), 4 survivors (4096K)
 Metaspace       used 86589K, committed 87296K, reserved 1130496K
  class space    used 11837K, committed 12160K, reserved 1048576K
}

